# JRE version: OpenJDK Runtime Environment (7.0_85-b01) (build 1.7.0_85-b01)
# Java VM: OpenJDK 64-Bit Server VM (24.85-b03 mixed mode linux-amd64 compressed oops)
Heap
 PSYoungGen      total 124416K, used 49775K [0x00000006ef600000, 0x00000006ff300000, 0x0000000800000000)
  eden space 123904K, 40% used [0x00000006ef600000,0x00000006f2673e48,0x00000006f6f00000)
  from space 512K, 31% used [0x00000006ff280000,0x00000006ff2a8000,0x00000006ff300000)
  to   space 512K, 0% used [0x00000006ff200000,0x00000006ff200000,0x00000006ff280000)
 ParOldGen       total 558080K, used 3096K [0x00000004ce200000, 0x00000004f0300000, 0x00000006ef600000)
  object space 558080K, 0% used [0x00000004ce200000,0x00000004ce506218,0x00000004f0300000)
 PSPermGen       total 21504K, used 3995K [0x00000004c3c00000, 0x00000004c5100000, 0x00000004ce200000)
  object space 21504K, 18% used [0x00000004c3c00000,0x00000004c3fe6e98,0x00000004c5100000)
GC Heap History (10 events):
Event: 119.813 GC heap before
{Heap before GC invocations=308 (full 0):
 PSYoungGen      total 135168K, used 134816K [0x00000006ef600000, 0x00000006ff300000, 0x0000000800000000)
  eden space 134656K, 100% used [0x00000006ef600000,0x00000006f7980000,0x00000006f7980000)
  from space 512K, 31% used [0x00000006ff200000,0x00000006ff228000,0x00000006ff280000)
  to   space 512K, 0% used [0x00000006ff280000,0x00000006ff280000,0x00000006ff300000)
 ParOldGen       total 558080K, used 3056K [0x00000004ce200000, 0x00000004f0300000, 0x00000006ef600000)
  object space 558080K, 0% used [0x00000004ce200000,0x00000004ce4fc218,0x00000004f0300000)
 PSPermGen       total 21504K, used 3995K [0x00000004c3c00000, 0x00000004c5100000, 0x00000004ce200000)
  object space 21504K, 18% used [0x00000004c3c00000,0x00000004c3fe6e98,0x00000004c5100000)
Event: 119.818 GC heap after
Heap after GC invocations=308 (full 0):
 PSYoungGen      total 132608K, used 160K [0x00000006ef600000, 0x00000006ff300000, 0x0000000800000000)
  eden space 132096K, 0% used [0x00000006ef600000,0x00000006ef600000,0x00000006f7700000)
  from space 512K, 31% used [0x00000006ff280000,0x00000006ff2a8000,0x00000006ff300000)
  to   space 512K, 0% used [0x00000006ff200000,0x00000006ff200000,0x00000006ff280000)
 ParOldGen       total 558080K, used 3064K [0x00000004ce200000, 0x00000004f0300000, 0x00000006ef600000)
  object space 558080K, 0% used [0x00000004ce200000,0x00000004ce4fe218,0x00000004f0300000)
 PSPermGen       total 21504K, used 3995K [0x00000004c3c00000, 0x00000004c5100000, 0x00000004ce200000)
  object space 21504K, 18% used [0x00000004c3c00000,0x00000004c3fe6e98,0x00000004c5100000)
}
Event: 120.118 GC heap before
{Heap before GC invocations=309 (full 0):
 PSYoungGen      total 132608K, used 132256K [0x00000006ef600000, 0x00000006ff300000, 0x0000000800000000)
  eden space 132096K, 100% used [0x00000006ef600000,0x00000006f7700000,0x00000006f7700000)
  from space 512K, 31% used [0x00000006ff280000,0x00000006ff2a8000,0x00000006ff300000)
  to   space 512K, 0% used [0x00000006ff200000,0x00000006ff200000,0x00000006ff280000)
 ParOldGen       total 558080K, used 3064K [0x00000004ce200000, 0x00000004f0300000, 0x00000006ef600000)
  object space 558080K, 0% used [0x00000004ce200000,0x00000004ce4fe218,0x00000004f0300000)
 PSPermGen       total 21504K, used 3995K [0x00000004c3c00000, 0x00000004c5100000, 0x00000004ce200000)
  object space 21504K, 18% used [0x00000004c3c00000,0x00000004c3fe6e98,0x00000004c5100000)
Event: 120.120 GC heap after
Heap after GC invocations=309 (full 0):
 PSYoungGen      total 130560K, used 96K [0x00000006ef600000, 0x00000006ff300000, 0x0000000800000000)
  eden space 130048K, 0% used [0x00000006ef600000,0x00000006ef600000,0x00000006f7500000)
  from space 512K, 18% used [0x00000006ff200000,0x00000006ff218000,0x00000006ff280000)
  to   space 512K, 0% used [0x00000006ff280000,0x00000006ff280000,0x00000006ff300000)
 ParOldGen       total 558080K, used 3072K [0x00000004ce200000, 0x00000004f0300000, 0x00000006ef600000)
  object space 558080K, 0% used [0x00000004ce200000,0x00000004ce500218,0x00000004f0300000)
 PSPermGen       total 21504K, used 3995K [0x00000004c3c00000, 0x00000004c5100000, 0x00000004ce200000)
  object space 21504K, 18% used [0x00000004c3c00000,0x00000004c3fe6e98,0x00000004c5100000)
}
Event: 120.452 GC heap before
{Heap before GC invocations=310 (full 0):
 PSYoungGen      total 130560K, used 130144K [0x00000006ef600000, 0x00000006ff300000, 0x0000000800000000)
  eden space 130048K, 100% used [0x00000006ef600000,0x00000006f7500000,0x00000006f7500000)
  from space 512K, 18% used [0x00000006ff200000,0x00000006ff218000,0x00000006ff280000)
  to   space 512K, 0% used [0x00000006ff280000,0x00000006ff280000,0x00000006ff300000)
 ParOldGen       total 558080K, used 3072K [0x00000004ce200000, 0x00000004f0300000, 0x00000006ef600000)
  object space 558080K, 0% used [0x00000004ce200000,0x00000004ce500218,0x00000004f0300000)
 PSPermGen       total 21504K, used 3995K [0x00000004c3c00000, 0x00000004c5100000, 0x00000004ce200000)
  object space 21504K, 18% used [0x00000004c3c00000,0x00000004c3fe6e98,0x00000004c5100000)
Event: 120.455 GC heap after
Heap after GC invocations=310 (full 0):
 PSYoungGen      total 128512K, used 96K [0x00000006ef600000, 0x00000006ff300000, 0x0000000800000000)
  eden space 128000K, 0% used [0x00000006ef600000,0x00000006ef600000,0x00000006f7300000)
  from space 512K, 18% used [0x00000006ff280000,0x00000006ff298000,0x00000006ff300000)
  to   space 512K, 0% used [0x00000006ff200000,0x00000006ff200000,0x00000006ff280000)
 ParOldGen       total 558080K, used 3080K [0x00000004ce200000, 0x00000004f0300000, 0x00000006ef600000)
  object space 558080K, 0% used [0x00000004ce200000,0x00000004ce502218,0x00000004f0300000)
 PSPermGen       total 21504K, used 3995K [0x00000004c3c00000, 0x00000004c5100000, 0x00000004ce200000)
  object space 21504K, 18% used [0x00000004c3c00000,0x00000004c3fe6e98,0x00000004c5100000)
}
Event: 120.828 GC heap before
{Heap before GC invocations=311 (full 0):
 PSYoungGen      total 128512K, used 128096K [0x00000006ef600000, 0x00000006ff300000, 0x0000000800000000)
  eden space 128000K, 100% used [0x00000006ef600000,0x00000006f7300000,0x00000006f7300000)
  from space 512K, 18% used [0x00000006ff280000,0x00000006ff298000,0x00000006ff300000)
  to   space 512K, 0% used [0x00000006ff200000,0x00000006ff200000,0x00000006ff280000)
 ParOldGen       total 558080K, used 3080K [0x00000004ce200000, 0x00000004f0300000, 0x00000006ef600000)
  object space 558080K, 0% used [0x00000004ce200000,0x00000004ce502218,0x00000004f0300000)
 PSPermGen       total 21504K, used 3995K [0x00000004c3c00000, 0x00000004c5100000, 0x00000004ce200000)
  object space 21504K, 18% used [0x00000004c3c00000,0x00000004c3fe6e98,0x00000004c5100000)
Event: 120.830 GC heap after
Heap after GC invocations=311 (full 0):
 PSYoungGen      total 126464K, used 128K [0x00000006ef600000, 0x00000006ff300000, 0x0000000800000000)
  eden space 125952K, 0% used [0x00000006ef600000,0x00000006ef600000,0x00000006f7100000)
  from space 512K, 25% used [0x00000006ff200000,0x00000006ff220000,0x00000006ff280000)
  to   space 512K, 0% used [0x00000006ff280000,0x00000006ff280000,0x00000006ff300000)
 ParOldGen       total 558080K, used 3088K [0x00000004ce200000, 0x00000004f0300000, 0x00000006ef600000)
  object space 558080K, 0% used [0x00000004ce200000,0x00000004ce504218,0x00000004f0300000)
 PSPermGen       total 21504K, used 3995K [0x00000004c3c00000, 0x00000004c5100000, 0x00000004ce200000)
  object space 21504K, 18% used [0x00000004c3c00000,0x00000004c3fe6e98,0x00000004c5100000)
}
Event: 121.086 GC heap before
{Heap before GC invocations=312 (full 0):
 PSYoungGen      total 126464K, used 126080K [0x00000006ef600000, 0x00000006ff300000, 0x0000000800000000)
  eden space 125952K, 100% used [0x00000006ef600000,0x00000006f7100000,0x00000006f7100000)
  from space 512K, 25% used [0x00000006ff200000,0x00000006ff220000,0x00000006ff280000)
  to   space 512K, 0% used [0x00000006ff280000,0x00000006ff280000,0x00000006ff300000)
 ParOldGen       total 558080K, used 3088K [0x00000004ce200000, 0x00000004f0300000, 0x00000006ef600000)
  object space 558080K, 0% used [0x00000004ce200000,0x00000004ce504218,0x00000004f0300000)
 PSPermGen       total 21504K, used 3995K [0x00000004c3c00000, 0x00000004c5100000, 0x00000004ce200000)
  object space 21504K, 18% used [0x00000004c3c00000,0x00000004c3fe6e98,0x00000004c5100000)
Event: 121.088 GC heap after
Heap after GC invocations=312 (full 0):
 PSYoungGen      total 124416K, used 160K [0x00000006ef600000, 0x00000006ff300000, 0x0000000800000000)
  eden space 123904K, 0% used [0x00000006ef600000,0x00000006ef600000,0x00000006f6f00000)
  from space 512K, 31% used [0x00000006ff280000,0x00000006ff2a8000,0x00000006ff300000)
  to   space 512K, 0% used [0x00000006ff200000,0x00000006ff200000,0x00000006ff280000)
 ParOldGen       total 558080K, used 3096K [0x00000004ce200000, 0x00000004f0300000, 0x00000006ef600000)
  object space 558080K, 0% used [0x00000004ce200000,0x00000004ce506218,0x00000004f0300000)
 PSPermGen       total 21504K, used 3995K [0x00000004c3c00000, 0x00000004c5100000, 0x00000004ce200000)
  object space 21504K, 18% used [0x00000004c3c00000,0x00000004c3fe6e98,0x00000004c5100000)
}

